RE-MOCT CD Rip Log
==================
Album  : Kicking Television: Live in Chicago
Artist : Wilco
Year   : 2005
Drive  : G  (offset +6 samples)
Model  : HL-DT-ST DVDRW GHD3N
Tracks : 11
Mode   : AccurateRip
Output : C:\Users\david\Music\re-moct\Wilco - Kicking Television_ Live in Chicago (2005)\Disc 2

C2 support  : no
Drive cache : not probed
            Note: if drive caches sector reads, dual-pass returns
            identical data on damaged discs -- determinism check unreliable.
            Use 'whipper drive analyze' to test for caching behavior.


=== AccurateRip ===
ntracks=11 cddb=820dc10b disc_id1=00156eab disc_id2=00bd7aac
  track[01] lba=150  rel=0
  track[02] lba=23759  rel=23609
  track[03] lba=38737  rel=38587
  track[04] lba=60477  rel=60327
  track[05] lba=75935  rel=75785
  track[06] lba=97012  rel=96862
  track[07] lba=118196  rel=118046
  track[08] lba=145475  rel=145325
  track[09] lba=160605  rel=160455
  track[10] lba=185483  rel=185333
  track[11] lba=236270  rel=236120
  t1_lba=150  leadout_rel=264138
TRY 00156eab/00bd7aac -> HTTP 200
HIT! disc_id1=00156eab disc_id2=00bd7aac size=784
  [Track 1 sector 0 first 16 samples (L R pairs)]:
   fdc6fbe7 fe94fd49 fee8fec0 ff0cfff8 ff3000e8 feea01a4 fece0236 fee5026a
   fed30255 febe02a5 feae0344 fe9003b8 fe8703ed feac03c5 fee9035e ff2802d4
  ar_check_from=2940 ar_check_to=13882092 total_samples=13882092
  AR diag T1: csum_lo=458524cf csum_hi=7a33fd41 n_accum=13879153 expected=13879153 COUNT OK
  pcm_crc32=abe02062  (dBpoweramp CRC32 for T1=b02e7e1a)
  frame450: global=187855ec local=fbcef384  (total_skip=6)
  frame450: drive offset +6 confirmed

Track 1 Pass 1: crc_v1(=csum_lo)=458524cf  crc_v2(=csum_lo+hi)=bfb92210  status=1 (AR v2 OK)
  DB main_crcs (7):
    crc=bfb92210 conf=128  <-- MATCH v2
    crc=ee675270 conf=125
    crc=458524cf conf=99  <-- MATCH v1
    crc=7691972e conf=72
    crc=a670d2c5 conf=19
    crc=301030e3 conf=6
    crc=38ebb8a5 conf=2
  DB frame450_crcs (6):
    crc=fbcef384 conf=128
    crc=4238c2b3 conf=125
    crc=895b97ae conf=99
    crc=ed6a1ca7 conf=72
    crc=dd2fcd8c conf=19
    crc=2648b5e2 conf=6
  AR diag T2: csum_lo=34c5bdf2 csum_hi=81ec3db2 n_accum=8807064 expected=8807064 COUNT OK
  pcm_crc32=7063e0b7  (dBpoweramp CRC32 for T1=b02e7e1a)

Track 2 Pass 1: crc_v1(=csum_lo)=34c5bdf2  crc_v2(=csum_lo+hi)=b6b1fba4  status=1 (AR v2 OK)
  DB main_crcs (7):
    crc=b6b1fba4 conf=129  <-- MATCH v2
    crc=65428ba4 conf=126
    crc=34c5bdf2 conf=100  <-- MATCH v1
    crc=e1c5ae65 conf=73
    crc=bb1028ae conf=19
    crc=314734a9 conf=6
    crc=714c3d8c conf=2
  DB frame450_crcs (5):
    crc=7f5b2205 conf=129
    crc=6b9b8663 conf=126
    crc=186319c3 conf=100
    crc=f5783fa9 conf=73
    crc=80c975e2 conf=19
  AR diag T3: csum_lo=37e9db12 csum_hi=60f8d5cd n_accum=12783120 expected=12783120 COUNT OK
  pcm_crc32=8e097e8f  (dBpoweramp CRC32 for T1=b02e7e1a)

Track 3 Pass 1: crc_v1(=csum_lo)=37e9db12  crc_v2(=csum_lo+hi)=98e2b0df  status=1 (AR v2 OK)
  DB main_crcs (7):
    crc=98e2b0df conf=128  <-- MATCH v2
    crc=ce3336c7 conf=125
    crc=37e9db12 conf=101  <-- MATCH v1
    crc=6afc4609 conf=74
    crc=976d07e6 conf=19
    crc=32c59229 conf=6
    crc=a555a611 conf=2
  DB frame450_crcs (5):
    crc=43174d1f conf=128
    crc=c3979d5d conf=125
    crc=2aaaa0d3 conf=101
    crc=3042e393 conf=74
    crc=94d05d58 conf=19
  AR diag T4: csum_lo=b0125cfd csum_hi=ca83acfd n_accum=9089304 expected=9089304 COUNT OK
  pcm_crc32=c05da694  (dBpoweramp CRC32 for T1=b02e7e1a)

Track 4 Pass 1: crc_v1(=csum_lo)=b0125cfd  crc_v2(=csum_lo+hi)=7a9609fa  status=1 (AR v2 OK)
  DB main_crcs (7):
    crc=7a9609fa conf=127  <-- MATCH v2
    crc=7f6920fc conf=126
    crc=b0125cfd conf=100  <-- MATCH v1
    crc=b67b9d06 conf=73
    crc=b7130b25 conf=19
    crc=e69a8519 conf=6
    crc=92b05a4a conf=2
  DB frame450_crcs (5):
    crc=d087984f conf=127
    crc=388e4975 conf=126
    crc=ca5dac17 conf=100
    crc=b8577414 conf=73
    crc=c4c8c289 conf=19
  AR diag T5: csum_lo=518247e9 csum_hi=8a22c74f n_accum=12393276 expected=12393276 COUNT OK
  pcm_crc32=9bd39680  (dBpoweramp CRC32 for T1=b02e7e1a)

Track 5 Pass 1: crc_v1(=csum_lo)=518247e9  crc_v2(=csum_lo+hi)=dba50f38  status=1 (AR v2 OK)
  DB main_crcs (7):
    crc=dba50f38 conf=129  <-- MATCH v2
    crc=4d6045c3 conf=125
    crc=518247e9 conf=101  <-- MATCH v1
    crc=c2830845 conf=73
    crc=d3d63812 conf=19
    crc=53fb8730 conf=6
    crc=93d3fc0e conf=2
  DB frame450_crcs (5):
    crc=84608852 conf=129
    crc=6e2b08c3 conf=125
    crc=2242ab7d conf=101
    crc=8dc70f84 conf=73
    crc=f008d2d2 conf=19
  AR diag T6: csum_lo=f2be88c3 csum_hi=e76fc8e6 n_accum=12456192 expected=12456192 COUNT OK
  pcm_crc32=8bad7861  (dBpoweramp CRC32 for T1=b02e7e1a)

Track 6 Pass 1: crc_v1(=csum_lo)=f2be88c3  crc_v2(=csum_lo+hi)=da2e51a9  status=1 (AR v2 OK)
  DB main_crcs (7):
    crc=da2e51a9 conf=129  <-- MATCH v2
    crc=8031e6d4 conf=126
    crc=f2be88c3 conf=100  <-- MATCH v1
    crc=9aced606 conf=72
    crc=6ec3a7e9 conf=19
    crc=86aa2521 conf=6
    crc=4de4a4dc conf=2
  DB frame450_crcs (5):
    crc=101016e8 conf=129
    crc=59dda3dd conf=126
    crc=f913b1af conf=100
    crc=b4e576e4 conf=72
    crc=618463de conf=19
  AR diag T7: csum_lo=f24f2fde csum_hi=4358074e n_accum=16040052 expected=16040052 COUNT OK
  pcm_crc32=83ea635d  (dBpoweramp CRC32 for T1=b02e7e1a)

Track 7 Pass 1: crc_v1(=csum_lo)=f24f2fde  crc_v2(=csum_lo+hi)=35a7372c  status=1 (AR v2 OK)
  DB main_crcs (7):
    crc=35a7372c conf=128  <-- MATCH v2
    crc=1e1ccf42 conf=126
    crc=f24f2fde conf=100  <-- MATCH v1
    crc=d7ff9667 conf=71
    crc=301be0af conf=18
    crc=ece61867 conf=6
    crc=3a712bb6 conf=2
  DB frame450_crcs (5):
    crc=abd4c53b conf=128
    crc=32c2f219 conf=126
    crc=1dd99348 conf=100
    crc=2535957a conf=71
    crc=5b61e325 conf=18
  AR diag T8: csum_lo=0ba445f8 csum_hi=5a394ba0 n_accum=8896440 expected=8896440 COUNT OK
  pcm_crc32=9e5b0460  (dBpoweramp CRC32 for T1=b02e7e1a)

Track 8 Pass 1: crc_v1(=csum_lo)=0ba445f8  crc_v2(=csum_lo+hi)=65dd9198  status=1 (AR v2 OK)
  DB main_crcs (7):
    crc=65dd9198 conf=128  <-- MATCH v2
    crc=204a348c conf=125
    crc=0ba445f8 conf=100  <-- MATCH v1
    crc=c7a4719c conf=74
    crc=f49fe347 conf=19
    crc=98e173bd conf=6
    crc=67bf217c conf=2
  DB frame450_crcs (5):
    crc=17b4ee3e conf=128
    crc=4b95063f conf=125
    crc=0bfdcb36 conf=100
    crc=9cf30238 conf=74
    crc=f1fc9bae conf=19
  AR diag T9: csum_lo=62bf9f81 csum_hi=c3cd546b n_accum=14628264 expected=14628264 COUNT OK
  pcm_crc32=e95f5d26  (dBpoweramp CRC32 for T1=b02e7e1a)

Track 9 Pass 1: crc_v1(=csum_lo)=62bf9f81  crc_v2(=csum_lo+hi)=268cf3ec  status=1 (AR v2 OK)
  DB main_crcs (7):
    crc=268cf3ec conf=128  <-- MATCH v2
    crc=45b2c140 conf=126
    crc=62bf9f81 conf=100  <-- MATCH v1
    crc=7f7273bf conf=73
    crc=b5fdd474 conf=19
    crc=fd98b963 conf=6
    crc=8e119386 conf=2
  DB frame450_crcs (5):
    crc=857c9ce6 conf=128
    crc=682724fc conf=126
    crc=3e8f23f4 conf=100
    crc=b24517a2 conf=73
    crc=8746c208 conf=19
  AR diag T10: csum_lo=e57779b4 csum_hi=74b857c8 n_accum=29862756 expected=29862756 COUNT OK
  pcm_crc32=e498e4fd  (dBpoweramp CRC32 for T1=b02e7e1a)

Track 10 Pass 1: crc_v1(=csum_lo)=e57779b4  crc_v2(=csum_lo+hi)=5a2fd17c  status=1 (AR v2 OK)
  DB main_crcs (7):
    crc=5a2fd17c conf=126  <-- MATCH v2
    crc=0309ac4d conf=125
    crc=e57779b4 conf=99  <-- MATCH v1
    crc=90070d54 conf=74
    crc=a09ebd66 conf=19
    crc=34f10c88 conf=6
    crc=a70484ef conf=2
  DB frame450_crcs (5):
    crc=4d280917 conf=126
    crc=f33fa288 conf=125
    crc=7638d727 conf=99
    crc=1d6f9fc1 conf=74
    crc=c3f31bbc conf=19
  AR diag T11: csum_lo=f3a8c950 csum_hi=839c05b0 n_accum=16471644 expected=16471644 COUNT OK
  pcm_crc32=025de93e  (dBpoweramp CRC32 for T1=b02e7e1a)

Track 11 Pass 1: crc_v1(=csum_lo)=f3a8c950  crc_v2(=csum_lo+hi)=7744cf00  status=1 (AR v2 OK)
  DB main_crcs (7):
    crc=1563f7a3 conf=125
    crc=7744cf00 conf=125  <-- MATCH v2
    crc=f3a8c950 conf=100  <-- MATCH v1
    crc=94b6f542 conf=73
    crc=76aa455e conf=19
    crc=e4634e4b conf=6
    crc=880ff1e9 conf=2
  DB frame450_crcs (5):
    crc=a27c8cfb conf=125
    crc=f6cda9da conf=125
    crc=5e06986f conf=100
    crc=b808726e conf=73
    crc=91b1db41 conf=19

=== Summary ===
AR: 11 v2 + 0 v1 matched, 0 not found / 11 total
ReplayGain: album gain=-5.59 dB peak=1.167085
  Track 01: [AR v2 OK] conf=128  rg=-6.31dB [458524cf] [bfb92210]
  Track 02: [AR v2 OK] conf=129  rg=-4.72dB [34c5bdf2] [b6b1fba4]
  Track 03: [AR v2 OK] conf=128  rg=-3.30dB [37e9db12] [98e2b0df]
  Track 04: [AR v2 OK] conf=127  rg=-5.11dB [b0125cfd] [7a9609fa]
  Track 05: [AR v2 OK] conf=129  rg=-5.08dB [518247e9] [dba50f38]
  Track 06: [AR v2 OK] conf=129  rg=-3.42dB [f2be88c3] [da2e51a9]
  Track 07: [AR v2 OK] conf=128  rg=-4.68dB [f24f2fde] [35a7372c]
  Track 08: [AR v2 OK] conf=128  rg=-8.07dB [0ba445f8] [65dd9198]
  Track 09: [AR v2 OK] conf=128  rg=-7.34dB [62bf9f81] [268cf3ec]
  Track 10: [AR v2 OK] conf=126  rg=-8.48dB [e57779b4] [5a2fd17c]
  Track 11: [AR v2 OK] conf=125  rg=-4.99dB [f3a8c950] [7744cf00]
