RE-MOCT CD Rip Log
==================
Album  : Gutterflower
Artist : Goo Goo Dolls
Year   : 2002-04-09
Drive  : G  (offset +6 samples)
Model  : HL-DT-ST DVDRW GHD3N
Tracks : 12
Mode   : AccurateRip
Output : C:\Users\david\Music\re-moct\Goo Goo Dolls - Gutterflower (2002)

C2 support  : no
Drive cache : not probed
            Note: if drive caches sector reads, dual-pass returns
            identical data on damaged discs -- determinism check unreliable.
            Use 'whipper drive analyze' to test for caching behavior.


=== AccurateRip ===
ntracks=12 cddb=b20a8a0d disc_id1=00132892 disc_id2=00b2b737
  track[01] lba=150  rel=0
  track[02] lba=14410  rel=14260
  track[03] lba=32350  rel=32200
  track[04] lba=50260  rel=50110
  track[05] lba=64347  rel=64197
  track[06] lba=84385  rel=84235
  track[07] lba=97769  rel=97619
  track[08] lba=113952  rel=113802
  track[09] lba=127313  rel=127163
  track[10] lba=144515  rel=144365
  track[11] lba=155503  rel=155353
  track[12] lba=170002  rel=169852
  t1_lba=150  leadout_rel=202414
TRY 00132892/00b2b737 -> HTTP 200
HIT! disc_id1=00132892 disc_id2=00b2b737 size=1331
  [Track 1 sector 0 first 16 samples (L R pairs)]:
   e427f90f ea8afb0b ef2ffb3a f386fc85 f82ffe5b faa1ff1e fd81016f 002d0418
   015004f2 ff93014e ff1afecd 03ca0004 0847ffc2 0a8afcd8 0a69f78e 09d5f2bd
  ar_check_from=2940 ar_check_to=8384880 total_samples=8384880
  AR diag T1: csum_lo=fbfab98d csum_hi=d0bf7b2d n_accum=8381941 expected=8381941 COUNT OK
  pcm_crc32=a3a0e8fe  (dBpoweramp CRC32 for T1=b02e7e1a)
  frame450: global=0ed1e221 local=4efbeb81  (total_skip=6)

Track 1 Pass 1: crc_v1(=csum_lo)=fbfab98d  crc_v2(=csum_lo+hi)=ccba34ba  status=1 (AR v2 OK)
  DB main_crcs (11):
    crc=ccba34ba conf=200  <-- MATCH v2
    crc=fbfab98d conf=116  <-- MATCH v1
    crc=e6d74f03 conf=23
    crc=0c204735 conf=21
    crc=a4de2edf conf=16
    crc=6fe2b63c conf=15
    crc=6e9ba434 conf=8
    crc=e6f96c29 conf=6
    crc=f2171f32 conf=5
    crc=ddace0b2 conf=4
    crc=c3641e9b conf=3
  DB frame450_crcs (6):
    crc=4efbeb81 conf=200
    crc=780b0bef conf=116
    crc=b59bbe0b conf=23
    crc=73400e45 conf=21
    crc=a1c96654 conf=16
    crc=5ac496e9 conf=15
  AR diag T2: csum_lo=6248655a csum_hi=3ac71bcb n_accum=10548720 expected=10548720 COUNT OK
  pcm_crc32=c737dedd  (dBpoweramp CRC32 for T1=b02e7e1a)

Track 2 Pass 1: crc_v1(=csum_lo)=6248655a  crc_v2(=csum_lo+hi)=9d0f8125  status=1 (AR v2 OK)
  DB main_crcs (11):
    crc=9d0f8125 conf=200  <-- MATCH v2
    crc=6248655a conf=111  <-- MATCH v1
    crc=286bc699 conf=23
    crc=f25c0e12 conf=21
    crc=167c7628 conf=17
    crc=635a9e90 conf=15
    crc=b247f4a3 conf=8
    crc=ca3b26f3 conf=6
    crc=61576085 conf=5
    crc=31b47705 conf=4
    crc=efd7d02c conf=3
  DB frame450_crcs (6):
    crc=c166d412 conf=200
    crc=766a63ec conf=111
    crc=3da60916 conf=23
    crc=cc6a1a65 conf=21
    crc=e3809dbe conf=17
    crc=ef1ea79f conf=15
  AR diag T3: csum_lo=32bdef93 csum_hi=2a5f2899 n_accum=10531080 expected=10531080 COUNT OK
  pcm_crc32=c93d35ba  (dBpoweramp CRC32 for T1=b02e7e1a)

Track 3 Pass 1: crc_v1(=csum_lo)=32bdef93  crc_v2(=csum_lo+hi)=5d1d182c  status=1 (AR v2 OK)
  DB main_crcs (11):
    crc=5d1d182c conf=200  <-- MATCH v2
    crc=32bdef93 conf=115  <-- MATCH v1
    crc=c29a58f9 conf=22
    crc=4db67f04 conf=21
    crc=33ae77e0 conf=19
    crc=280e77cb conf=15
    crc=5b9d024b conf=8
    crc=ee7dfd8f conf=6
    crc=9e82ce57 conf=5
    crc=412406df conf=4
    crc=c3cb4880 conf=3
  DB frame450_crcs (6):
    crc=945664f0 conf=200
    crc=3b973835 conf=115
    crc=57c1dbe8 conf=22
    crc=2b152b7f conf=21
    crc=dd4dff5a conf=19
    crc=42391df1 conf=15
  AR diag T4: csum_lo=00bba245 csum_hi=a7751416 n_accum=8283156 expected=8283156 COUNT OK
  pcm_crc32=83e6fc5b  (dBpoweramp CRC32 for T1=b02e7e1a)

Track 4 Pass 1: crc_v1(=csum_lo)=00bba245  crc_v2(=csum_lo+hi)=a830b65b  status=1 (AR v2 OK)
  DB main_crcs (11):
    crc=a830b65b conf=200  <-- MATCH v2
    crc=00bba245 conf=110  <-- MATCH v1
    crc=ef11cc07 conf=23
    crc=de462f21 conf=21
    crc=3083f5f1 conf=16
    crc=6bfe39c6 conf=15
    crc=2513c0b8 conf=8
    crc=7cbee8f6 conf=6
    crc=28704bdc conf=6
    crc=af5a13fd conf=4
    crc=a6ec7902 conf=3
  DB frame450_crcs (6):
    crc=c2077b95 conf=200
    crc=a5015fce conf=110
    crc=a8c85b4b conf=23
    crc=52de431a conf=21
    crc=943199fa conf=16
    crc=f4ff4373 conf=15
  AR diag T5: csum_lo=54202e74 csum_hi=de6e5713 n_accum=11782344 expected=11782344 COUNT OK
  pcm_crc32=544ccae8  (dBpoweramp CRC32 for T1=b02e7e1a)

Track 5 Pass 1: crc_v1(=csum_lo)=54202e74  crc_v2(=csum_lo+hi)=328e8587  status=1 (AR v2 OK)
  DB main_crcs (11):
    crc=328e8587 conf=200  <-- MATCH v2
    crc=54202e74 conf=111  <-- MATCH v1
    crc=e1386fea conf=22
    crc=9b00ef45 conf=21
    crc=3ebd8642 conf=16
    crc=e8cbfbb2 conf=15
    crc=6213f68d conf=8
    crc=73f0dfb8 conf=6
    crc=4f56cd06 conf=6
    crc=b8d21ae4 conf=3
    crc=06342bbf conf=3
  DB frame450_crcs (6):
    crc=61c250d6 conf=200
    crc=1c758e25 conf=111
    crc=03c10335 conf=22
    crc=0974bb98 conf=21
    crc=6670e5bd conf=16
    crc=79347dc3 conf=15
  AR diag T6: csum_lo=07e4db99 csum_hi=93c11f15 n_accum=7869792 expected=7869792 COUNT OK
  pcm_crc32=d43f0d51  (dBpoweramp CRC32 for T1=b02e7e1a)

Track 6 Pass 1: crc_v1(=csum_lo)=07e4db99  crc_v2(=csum_lo+hi)=9ba5faae  status=1 (AR v2 OK)
  DB main_crcs (11):
    crc=9ba5faae conf=200  <-- MATCH v2
    crc=07e4db99 conf=109  <-- MATCH v1
    crc=ebbe524f conf=23
    crc=bff0f7d0 conf=21
    crc=32371e35 conf=16
    crc=94a0e194 conf=15
    crc=4e35be2e conf=8
    crc=68b2d163 conf=5
    crc=dd7ab0f8 conf=5
    crc=2acac2e4 conf=4
    crc=c2f6030c conf=3
  DB frame450_crcs (7):
    crc=2505d529 conf=200
    crc=4c0092e1 conf=109
    crc=6cc23b33 conf=23
    crc=5e94a1e3 conf=21
    crc=10915f96 conf=16
    crc=e06bd7cd conf=15
    crc=5cf862e7 conf=8
  AR diag T7: csum_lo=35a14b07 csum_hi=f96d7c59 n_accum=9515604 expected=9515604 COUNT OK
  pcm_crc32=162bc765  (dBpoweramp CRC32 for T1=b02e7e1a)

Track 7 Pass 1: crc_v1(=csum_lo)=35a14b07  crc_v2(=csum_lo+hi)=2f0ec760  status=1 (AR v2 OK)
  DB main_crcs (11):
    crc=2f0ec760 conf=200  <-- MATCH v2
    crc=35a14b07 conf=111  <-- MATCH v1
    crc=b74ffb15 conf=23
    crc=9443557c conf=21
    crc=973254f3 conf=16
    crc=29904759 conf=15
    crc=fb8fe3ad conf=8
    crc=5233a398 conf=5
    crc=3c08d609 conf=4
    crc=9816ffb6 conf=4
    crc=00ec56a5 conf=3
  DB frame450_crcs (6):
    crc=0dbb1e97 conf=200
    crc=adea414b conf=111
    crc=bebd80be conf=23
    crc=386ed8dc conf=21
    crc=ccfdfd4e conf=16
    crc=dcf7f4b4 conf=15
  AR diag T8: csum_lo=4ae5422f csum_hi=411141c8 n_accum=7856268 expected=7856268 COUNT OK
  pcm_crc32=e5a54118  (dBpoweramp CRC32 for T1=b02e7e1a)

Track 8 Pass 1: crc_v1(=csum_lo)=4ae5422f  crc_v2(=csum_lo+hi)=8bf683f7  status=1 (AR v2 OK)
  DB main_crcs (11):
    crc=8bf683f7 conf=200  <-- MATCH v2
    crc=4ae5422f conf=115  <-- MATCH v1
    crc=ca854916 conf=22
    crc=5f94c652 conf=21
    crc=275ebe38 conf=16
    crc=785f3fd8 conf=14
    crc=5a24e080 conf=8
    crc=75f7d18a conf=6
    crc=d9b03f95 conf=6
    crc=7dc76e31 conf=4
    crc=e7138951 conf=3
  DB frame450_crcs (6):
    crc=a904f478 conf=200
    crc=14ed4ab9 conf=115
    crc=393f44c9 conf=22
    crc=831c0f2e conf=21
    crc=4cb9fe99 conf=16
    crc=c59dba12 conf=14
  AR diag T9: csum_lo=c84bd43e csum_hi=b1a0fe67 n_accum=10114776 expected=10114776 COUNT OK
  pcm_crc32=5f71e5e0  (dBpoweramp CRC32 for T1=b02e7e1a)

Track 9 Pass 1: crc_v1(=csum_lo)=c84bd43e  crc_v2(=csum_lo+hi)=79ecd2a5  status=1 (AR v2 OK)
  DB main_crcs (11):
    crc=79ecd2a5 conf=200  <-- MATCH v2
    crc=c84bd43e conf=111  <-- MATCH v1
    crc=8570b53d conf=22
    crc=254bec0b conf=21
    crc=14c7cc0c conf=16
    crc=83b555c8 conf=15
    crc=7bbf4807 conf=8
    crc=425124e9 conf=6
    crc=1fb24f02 conf=6
    crc=e7d97b69 conf=4
    crc=b2792810 conf=3
  DB frame450_crcs (6):
    crc=f19bf2e4 conf=200
    crc=70933ded conf=111
    crc=36caa585 conf=22
    crc=80f5ca43 conf=21
    crc=705d8555 conf=16
    crc=2a5d3ee0 conf=15
  AR diag T10: csum_lo=7def4d67 csum_hi=ae9e4d4d n_accum=6460944 expected=6460944 COUNT OK
  pcm_crc32=b4a4dbae  (dBpoweramp CRC32 for T1=b02e7e1a)

Track 10 Pass 1: crc_v1(=csum_lo)=7def4d67  crc_v2(=csum_lo+hi)=2c8d9ab4  status=1 (AR v2 OK)
  DB main_crcs (11):
    crc=2c8d9ab4 conf=200  <-- MATCH v2
    crc=7def4d67 conf=110  <-- MATCH v1
    crc=2f6483ab conf=23
    crc=1e0e1922 conf=21
    crc=a8edbab3 conf=16
    crc=6bbf083e conf=15
    crc=dd70a92a conf=8
    crc=11e68314 conf=6
    crc=dc582ad2 conf=6
    crc=32cdc55c conf=4
    crc=f053e2eb conf=3
  DB frame450_crcs (6):
    crc=11480c7a conf=200
    crc=76cb2cd7 conf=110
    crc=0f5e257d conf=23
    crc=17516861 conf=21
    crc=6fa27c59 conf=16
    crc=987d96c7 conf=15
  AR diag T11: csum_lo=266bffed csum_hi=94ef4a7a n_accum=8525412 expected=8525412 COUNT OK
  pcm_crc32=3b4b8a25  (dBpoweramp CRC32 for T1=b02e7e1a)

Track 11 Pass 1: crc_v1(=csum_lo)=266bffed  crc_v2(=csum_lo+hi)=bb5b4a67  status=1 (AR v2 OK)
  DB main_crcs (11):
    crc=bb5b4a67 conf=200  <-- MATCH v2
    crc=266bffed conf=111  <-- MATCH v1
    crc=f7606962 conf=23
    crc=5bbe45be conf=21
    crc=e7ccdf3f conf=16
    crc=1cd96d5a conf=15
    crc=f4d17f63 conf=8
    crc=cf4cbeab conf=6
    crc=894aa0d2 conf=6
    crc=c1853fb3 conf=4
    crc=3bc6716b conf=3
  DB frame450_crcs (6):
    crc=4b28114b conf=200
    crc=c8489971 conf=111
    crc=460d5bd0 conf=23
    crc=29d7ab81 conf=21
    crc=d2126890 conf=16
    crc=250bd014 conf=15
  AR diag T12: csum_lo=47414ba6 csum_hi=2d9cd36c n_accum=10601052 expected=10601052 COUNT OK
  pcm_crc32=f4554f13  (dBpoweramp CRC32 for T1=b02e7e1a)

Track 12 Pass 1: crc_v1(=csum_lo)=47414ba6  crc_v2(=csum_lo+hi)=74de1f12  status=1 (AR v2 OK)
  DB main_crcs (11):
    crc=74de1f12 conf=200  <-- MATCH v2
    crc=47414ba6 conf=110  <-- MATCH v1
    crc=9a6245b3 conf=23
    crc=50eae2d1 conf=21
    crc=97d2ea98 conf=18
    crc=ca24e30a conf=15
    crc=1f3aca7d conf=9
    crc=5e4f34db conf=6
    crc=b9d153da conf=6
    crc=a6d16e5b conf=4
    crc=ea08c514 conf=3
  DB frame450_crcs (6):
    crc=7021653c conf=200
    crc=9d555b7e conf=110
    crc=60c6e505 conf=23
    crc=1adb8a2e conf=21
    crc=442849ea conf=18
    crc=464053ed conf=15

=== Summary ===
AR: 12 v2 + 0 v1 matched, 0 not in database, 0 network error / 12 total
ReplayGain: album gain=-12.28 dB peak=1.201664
  Track 01: [AR v2 OK] conf=200  rg=-12.93dB
  Track 02: [AR v2 OK] conf=200  rg=-12.41dB
  Track 03: [AR v2 OK] conf=200  rg=-12.07dB
  Track 04: [AR v2 OK] conf=200  rg=-12.98dB
  Track 05: [AR v2 OK] conf=200  rg=-12.88dB
  Track 06: [AR v2 OK] conf=200  rg=-12.73dB
  Track 07: [AR v2 OK] conf=200  rg=-11.99dB
  Track 08: [AR v2 OK] conf=200  rg=-9.78dB
  Track 09: [AR v2 OK] conf=200  rg=-12.39dB
  Track 10: [AR v2 OK] conf=200  rg=-12.38dB
  Track 11: [AR v2 OK] conf=200  rg=-13.01dB
  Track 12: [AR v2 OK] conf=200  rg=-11.74dB
